<?xml version="1.0" encoding="UTF-8"?>
<testng-results ignored="0" total="2" passed="2" failed="0" skipped="0">
  <reporter-output>
  </reporter-output>
  <suite started-at="2023-12-21T04:32:45 IST" name="Surefire suite" finished-at="2023-12-21T04:32:50 IST" duration-ms="4923">
    <groups>
    </groups>
    <test started-at="2023-12-21T04:32:45 IST" name="Surefire test" finished-at="2023-12-21T04:32:50 IST" duration-ms="4923">
      <class name="testcases.LoginTest">
        <test-method is-config="true" signature="reportSetup()[pri:0, instance:testcases.LoginTest@33990a0c]" started-at="2023-12-21T04:32:45 IST" name="reportSetup" finished-at="2023-12-21T04:32:46 IST" duration-ms="413" status="PASS">
          <reporter-output>
          </reporter-output>
        </test-method> <!-- reportSetup -->
        <test-method is-config="true" signature="setup(java.lang.reflect.Method)[pri:0, instance:testcases.LoginTest@33990a0c]" started-at="2023-12-21T04:32:46 IST" name="setup" finished-at="2023-12-21T04:32:48 IST" duration-ms="2029" status="PASS">
          <params>
            <param index="0">
              <value>
                <![CDATA[public void testcases.LoginTest.negativeTC() throws com.codoid.products.exception.FilloException]]>
              </value>
            </param>
          </params>
          <reporter-output>
          </reporter-output>
        </test-method> <!-- setup -->
        <test-method signature="negativeTC()[pri:0, instance:testcases.LoginTest@33990a0c]" started-at="2023-12-21T04:32:48 IST" name="negativeTC" finished-at="2023-12-21T04:32:48 IST" duration-ms="309" status="PASS">
          <reporter-output>
          </reporter-output>
        </test-method> <!-- negativeTC -->
        <test-method is-config="true" signature="tearDown()[pri:0, instance:testcases.LoginTest@33990a0c]" started-at="2023-12-21T04:32:48 IST" name="tearDown" finished-at="2023-12-21T04:32:48 IST" duration-ms="145" status="PASS">
          <reporter-output>
          </reporter-output>
        </test-method> <!-- tearDown -->
        <test-method is-config="true" signature="setup(java.lang.reflect.Method)[pri:0, instance:testcases.LoginTest@33990a0c]" started-at="2023-12-21T04:32:48 IST" name="setup" finished-at="2023-12-21T04:32:50 IST" duration-ms="1458" status="PASS">
          <params>
            <param index="0">
              <value>
                <![CDATA[public void testcases.LoginTest.positiveTC() throws com.codoid.products.exception.FilloException]]>
              </value>
            </param>
          </params>
          <reporter-output>
          </reporter-output>
        </test-method> <!-- setup -->
        <test-method signature="positiveTC()[pri:0, instance:testcases.LoginTest@33990a0c]" started-at="2023-12-21T04:32:50 IST" name="positiveTC" finished-at="2023-12-21T04:32:50 IST" duration-ms="247" status="PASS">
          <reporter-output>
          </reporter-output>
        </test-method> <!-- positiveTC -->
        <test-method is-config="true" signature="tearDown()[pri:0, instance:testcases.LoginTest@33990a0c]" started-at="2023-12-21T04:32:50 IST" name="tearDown" finished-at="2023-12-21T04:32:50 IST" duration-ms="122" status="PASS">
          <reporter-output>
          </reporter-output>
        </test-method> <!-- tearDown -->
        <test-method is-config="true" signature="reportClean()[pri:0, instance:testcases.LoginTest@33990a0c]" started-at="2023-12-21T04:32:50 IST" name="reportClean" finished-at="2023-12-21T04:32:50 IST" duration-ms="177" status="PASS">
          <reporter-output>
          </reporter-output>
        </test-method> <!-- reportClean -->
      </class> <!-- testcases.LoginTest -->
    </test> <!-- Surefire test -->
  </suite> <!-- Surefire suite -->
</testng-results>
