<?xml version="1.0" encoding="UTF-8"?>
<testng-results ignored="0" total="2" passed="2" failed="0" skipped="0">
  <reporter-output>
  </reporter-output>
  <suite started-at="2023-12-21T04:32:23 IST" name="Default suite" finished-at="2023-12-21T04:32:28 IST" duration-ms="5615">
    <groups>
    </groups>
    <test started-at="2023-12-21T04:32:23 IST" name="Default test" finished-at="2023-12-21T04:32:28 IST" duration-ms="5615">
      <class name="testcases.LoginTest">
        <test-method is-config="true" signature="reportSetup()[pri:0, instance:testcases.LoginTest@11392934]" started-at="2023-12-21T04:32:23 IST" name="reportSetup" finished-at="2023-12-21T04:32:23 IST" duration-ms="443" status="PASS">
          <reporter-output>
          </reporter-output>
        </test-method> <!-- reportSetup -->
        <test-method is-config="true" signature="setup(java.lang.reflect.Method)[pri:0, instance:testcases.LoginTest@11392934]" started-at="2023-12-21T04:32:23 IST" name="setup" finished-at="2023-12-21T04:32:26 IST" duration-ms="2606" status="PASS">
          <params>
            <param index="0">
              <value>
                <![CDATA[public void testcases.LoginTest.negativeTC() throws com.codoid.products.exception.FilloException]]>
              </value>
            </param>
          </params>
          <reporter-output>
          </reporter-output>
        </test-method> <!-- setup -->
        <test-method signature="negativeTC()[pri:0, instance:testcases.LoginTest@11392934]" started-at="2023-12-21T04:32:26 IST" name="negativeTC" finished-at="2023-12-21T04:32:26 IST" duration-ms="344" status="PASS">
          <reporter-output>
          </reporter-output>
        </test-method> <!-- negativeTC -->
        <test-method is-config="true" signature="tearDown()[pri:0, instance:testcases.LoginTest@11392934]" started-at="2023-12-21T04:32:26 IST" name="tearDown" finished-at="2023-12-21T04:32:26 IST" duration-ms="150" status="PASS">
          <reporter-output>
          </reporter-output>
        </test-method> <!-- tearDown -->
        <test-method is-config="true" signature="setup(java.lang.reflect.Method)[pri:0, instance:testcases.LoginTest@11392934]" started-at="2023-12-21T04:32:26 IST" name="setup" finished-at="2023-12-21T04:32:28 IST" duration-ms="1472" status="PASS">
          <params>
            <param index="0">
              <value>
                <![CDATA[public void testcases.LoginTest.positiveTC() throws com.codoid.products.exception.FilloException]]>
              </value>
            </param>
          </params>
          <reporter-output>
          </reporter-output>
        </test-method> <!-- setup -->
        <test-method signature="positiveTC()[pri:0, instance:testcases.LoginTest@11392934]" started-at="2023-12-21T04:32:28 IST" name="positiveTC" finished-at="2023-12-21T04:32:28 IST" duration-ms="271" status="PASS">
          <reporter-output>
          </reporter-output>
        </test-method> <!-- positiveTC -->
        <test-method is-config="true" signature="tearDown()[pri:0, instance:testcases.LoginTest@11392934]" started-at="2023-12-21T04:32:28 IST" name="tearDown" finished-at="2023-12-21T04:32:28 IST" duration-ms="136" status="PASS">
          <reporter-output>
          </reporter-output>
        </test-method> <!-- tearDown -->
        <test-method is-config="true" signature="reportClean()[pri:0, instance:testcases.LoginTest@11392934]" started-at="2023-12-21T04:32:28 IST" name="reportClean" finished-at="2023-12-21T04:32:28 IST" duration-ms="164" status="PASS">
          <reporter-output>
          </reporter-output>
        </test-method> <!-- reportClean -->
      </class> <!-- testcases.LoginTest -->
    </test> <!-- Default test -->
  </suite> <!-- Default suite -->
</testng-results>
